[wpthemebooster.com/demo/themeforest/html/hungrybuzz/dark/index.html]
[backblue.gif]
[fade.gif]
[index.html]
[wpthemebooster.com/demo/themeforest/html/hungrybuzz/assets/images/favicon.png]
[wpthemebooster.com/demo/themeforest/html/hungrybuzz/dark/index2.html]
[wpthemebooster.com/demo/themeforest/html/hungrybuzz/dark/about.html]
[wpthemebooster.com/demo/themeforest/html/hungrybuzz/dark/menu1.html]
[wpthemebooster.com/demo/themeforest/html/hungrybuzz/dark/menu2.html]
[wpthemebooster.com/demo/themeforest/html/hungrybuzz/dark/menu3.html]
[wpthemebooster.com/demo/themeforest/html/hungrybuzz/dark/team.html]
[wpthemebooster.com/demo/themeforest/html/hungrybuzz/dark/gallery.html]
[wpthemebooster.com/demo/themeforest/html/hungrybuzz/dark/shop-3col.html]
[wpthemebooster.com/demo/themeforest/html/hungrybuzz/dark/shop-4col.html]
[wpthemebooster.com/demo/themeforest/html/hungrybuzz/dark/single-product.html]
[wpthemebooster.com/demo/themeforest/html/hungrybuzz/dark/cart.html]
[wpthemebooster.com/demo/themeforest/html/hungrybuzz/dark/checkout.html]
[wpthemebooster.com/demo/themeforest/html/hungrybuzz/dark/blog-standard.html]
[wpthemebooster.com/demo/themeforest/html/hungrybuzz/dark/blog-classic.html]
[wpthemebooster.com/demo/themeforest/html/hungrybuzz/dark/blog-grid.html]
[wpthemebooster.com/demo/themeforest/html/hungrybuzz/dark/blog-details.html]
[wpthemebooster.com/demo/themeforest/html/hungrybuzz/dark/blog-details-with-sidebar.html]
[wpthemebooster.com/demo/themeforest/html/hungrybuzz/dark/contact1.html]
[wpthemebooster.com/demo/themeforest/html/hungrybuzz/dark/contact2.html]
[wpthemebooster.com/demo/themeforest/html/hungrybuzz/assets/images/title_border.png]
[wpthemebooster.com/demo/themeforest/html/hungrybuzz/assets/images/slider/1.jpg]
[wpthemebooster.com/demo/themeforest/html/hungrybuzz/assets/images/slider/2.jpg]
[wpthemebooster.com/demo/themeforest/html/hungrybuzz/assets/images/slider/3.jpg]
[wpthemebooster.com/demo/themeforest/html/hungrybuzz/assets/images/about/layer3.png]
[wpthemebooster.com/demo/themeforest/html/hungrybuzz/assets/images/about/layer4.png]
[wpthemebooster.com/demo/themeforest/html/hungrybuzz/assets/images/about/6.jpg]
[wpthemebooster.com/demo/themeforest/html/hungrybuzz/assets/images/play_btn.png]
[wpthemebooster.com/demo/themeforest/html/hungrybuzz/assets/images/title_back.png]
[wpthemebooster.com/demo/themeforest/html/hungrybuzz/assets/images/menu/tabicon_1_1.png]
[wpthemebooster.com/demo/themeforest/html/hungrybuzz/assets/images/menu/tabicon_1_2.png]
[wpthemebooster.com/demo/themeforest/html/hungrybuzz/assets/images/menu/tabicon_2_1.png]
[wpthemebooster.com/demo/themeforest/html/hungrybuzz/assets/images/menu/tabicon_2_2.png]
[wpthemebooster.com/demo/themeforest/html/hungrybuzz/assets/images/menu/tabicon_3_1.png]
[wpthemebooster.com/demo/themeforest/html/hungrybuzz/assets/images/menu/tabicon_3_2.png]
[wpthemebooster.com/demo/themeforest/html/hungrybuzz/assets/images/menu/tabicon_4_1.png]
[wpthemebooster.com/demo/themeforest/html/hungrybuzz/assets/images/menu/tabicon_4_2.png]
[wpthemebooster.com/demo/themeforest/html/hungrybuzz/assets/images/menu/tabicon_5_1.png]
[wpthemebooster.com/demo/themeforest/html/hungrybuzz/assets/images/menu/tabicon_5_2.png]
[wpthemebooster.com/demo/themeforest/html/hungrybuzz/assets/images/about/grillman.png]
[wpthemebooster.com/demo/themeforest/html/hungrybuzz/assets/images/about/icon1.png]
[wpthemebooster.com/demo/themeforest/html/hungrybuzz/assets/images/about/7.jpg]
[wpthemebooster.com/demo/themeforest/html/hungrybuzz/assets/images/about/icon2.png]
[wpthemebooster.com/demo/themeforest/html/hungrybuzz/assets/images/about/8.jpg]
[wpthemebooster.com/demo/themeforest/html/hungrybuzz/assets/images/about/icon3.png]
[wpthemebooster.com/demo/themeforest/html/hungrybuzz/assets/images/about/9.jpg]
[wpthemebooster.com/demo/themeforest/html/hungrybuzz/assets/images/about/icon4.png]
[wpthemebooster.com/demo/themeforest/html/hungrybuzz/assets/images/about/10.jpg]
[wpthemebooster.com/demo/themeforest/html/hungrybuzz/assets/images/portfolio/1.jpg]
[wpthemebooster.com/demo/themeforest/html/hungrybuzz/assets/images/portfolio/2.jpg]
[wpthemebooster.com/demo/themeforest/html/hungrybuzz/assets/images/portfolio/3.jpg]
[wpthemebooster.com/demo/themeforest/html/hungrybuzz/assets/images/portfolio/4.jpg]
[wpthemebooster.com/demo/themeforest/html/hungrybuzz/assets/images/portfolio/5.jpg]
[wpthemebooster.com/demo/themeforest/html/hungrybuzz/assets/images/reviewer1.png]
[wpthemebooster.com/demo/themeforest/html/hungrybuzz/assets/images/baking.png]
[wpthemebooster.com/demo/themeforest/html/hungrybuzz/assets/images/blog/1.jpg]
[wpthemebooster.com/demo/themeforest/html/hungrybuzz/assets/images/blog/2.jpg]
[wpthemebooster.com/demo/themeforest/html/hungrybuzz/assets/images/blog/3.jpg]
[wpthemebooster.com/demo/themeforest/html/hungrybuzz/assets/images/blog/4.jpg]
[wpthemebooster.com/demo/themeforest/html/hungrybuzz/assets/images/border_top.png]
[wpthemebooster.com/demo/themeforest/html/hungrybuzz/assets/images/border_bottom.png]
[wpthemebooster.com/demo/themeforest/html/hungrybuzz/assets/images/clients/client_1_1.png]
[wpthemebooster.com/demo/themeforest/html/hungrybuzz/assets/images/clients/client_1_2.png]
[wpthemebooster.com/demo/themeforest/html/hungrybuzz/assets/images/clients/client_2_1.png]
[wpthemebooster.com/demo/themeforest/html/hungrybuzz/assets/images/clients/client_2_2.png]
[wpthemebooster.com/demo/themeforest/html/hungrybuzz/assets/images/clients/client_3_1.png]
[wpthemebooster.com/demo/themeforest/html/hungrybuzz/assets/images/clients/client_3_2.png]
[wpthemebooster.com/demo/themeforest/html/hungrybuzz/assets/images/clients/client_4_1.png]
[wpthemebooster.com/demo/themeforest/html/hungrybuzz/assets/images/clients/client_4_2.png]
[wpthemebooster.com/demo/themeforest/html/hungrybuzz/assets/images/clients/client_5_1.png]
[wpthemebooster.com/demo/themeforest/html/hungrybuzz/assets/images/clients/client_5_2.png]
[wpthemebooster.com/demo/themeforest/html/hungrybuzz/assets/images/phone2.png]
[wpthemebooster.com/demo/themeforest/html/hungrybuzz/assets/images/bg/banner_bg1.jpg]
[wpthemebooster.com/demo/themeforest/html/hungrybuzz/assets/js/jquery-3.5.1.min.js]
[wpthemebooster.com/demo/themeforest/html/hungrybuzz/assets/js/popper.min.js]
[wpthemebooster.com/demo/themeforest/html/hungrybuzz/assets/js/bootstrap.min.js]
[wpthemebooster.com/demo/themeforest/html/hungrybuzz/assets/plugins/menu/ma5-menu.min.js]
[wpthemebooster.com/demo/themeforest/html/hungrybuzz/assets/plugins/slick/slick.min.js]
[wpthemebooster.com/demo/themeforest/html/hungrybuzz/assets/plugins/fancybox/jquery.fancybox.min.js]
[wpthemebooster.com/demo/themeforest/html/hungrybuzz/assets/plugins/select2/select2.js]
[wpthemebooster.com/demo/themeforest/html/hungrybuzz/assets/plugins/isotope/isotope.pkgd.min.js]
[wpthemebooster.com/demo/themeforest/html/hungrybuzz/assets/plugins/isotope/imagesloaded.pkgd.min.js]
[wpthemebooster.com/demo/themeforest/html/hungrybuzz/assets/plugins/isotope/packery-mode.pkgd.js]
[wpthemebooster.com/demo/themeforest/html/hungrybuzz/assets/plugins/aos/aos.js]
[wpthemebooster.com/demo/themeforest/html/hungrybuzz/assets/plugins/jarallax/jarallax.min.js]
[wpthemebooster.com/demo/themeforest/html/hungrybuzz/assets/js/custom.js]
[wpthemebooster.com/demo/themeforest/html/hungrybuzz/assets/js/map.js]
[wpthemebooster.com/demo/themeforest/html/hungrybuzz/dark/index.html]
[wpthemebooster.com/demo/themeforest/html/hungrybuzz/assets/images/apple-touch-icon.html]
[wpthemebooster.com/demo/themeforest/html/hungrybuzz/assets/images/apple-touch-icon-72x72.html]
[wpthemebooster.com/demo/themeforest/html/hungrybuzz/assets/images/apple-touch-icon-114x114.html]
[wpthemebooster.com/demo/themeforest/html/hungrybuzz/assets/images/apple-touch-icon-144x144.html]
[wpthemebooster.com/demo/themeforest/html/hungrybuzz/assets/images/plane.png]
[wpthemebooster.com/demo/themeforest/html/hungrybuzz/assets/images/quote.png]
[wpthemebooster.com/demo/themeforest/html/hungrybuzz/assets/images/schedule_bg.png]
[wpthemebooster.com/demo/themeforest/html/hungrybuzz/assets/images/bg/bg_light.jpg]
[wpthemebooster.com/demo/themeforest/html/hungrybuzz/assets/css/fonts/Antonio Fischer.ttf]
[wpthemebooster.com/demo/themeforest/html/hungrybuzz/assets/css/fonts/Tuesday Night.ttf]
[wpthemebooster.com/demo/themeforest/html/hungrybuzz/assets/css/fonts/Tuesday Night.otf]
[wpthemebooster.com/demo/themeforest/html/hungrybuzz/assets/images/bg/bg1.jpg]
[wpthemebooster.com/demo/themeforest/html/hungrybuzz/assets/images/bg/bg2.jpg]
[wpthemebooster.com/demo/themeforest/html/hungrybuzz/assets/images/bg/bg3.jpg]
[wpthemebooster.com/demo/themeforest/html/hungrybuzz/assets/images/bg/bg4.jpg]
[wpthemebooster.com/demo/themeforest/html/hungrybuzz/assets/images/bg/bg5.jpg]
[wpthemebooster.com/demo/themeforest/html/hungrybuzz/assets/images/bg/bg6.jpg]
[wpthemebooster.com/demo/themeforest/html/hungrybuzz/assets/images/bg/bg7.jpg]
[wpthemebooster.com/demo/themeforest/html/hungrybuzz/assets/images/bg/bg8.png]
[wpthemebooster.com/demo/themeforest/html/hungrybuzz/assets/images/bg/bg9.jpg]
[wpthemebooster.com/demo/themeforest/html/hungrybuzz/assets/images/bg/bg10.png]
[wpthemebooster.com/demo/themeforest/html/hungrybuzz/assets/images/bg/bg11.png]
[wpthemebooster.com/demo/themeforest/html/hungrybuzz/assets/images/bg/bg12.jpg]
[wpthemebooster.com/demo/themeforest/html/hungrybuzz/assets/images/bg/bg13.jpg]
[wpthemebooster.com/demo/themeforest/html/hungrybuzz/assets/images/bg/bg14.jpg]
[wpthemebooster.com/demo/themeforest/html/hungrybuzz/assets/images/bg/bg15.jpg]
[wpthemebooster.com/demo/themeforest/html/hungrybuzz/assets/images/bg/bg16.jpg]
[wpthemebooster.com/demo/themeforest/html/hungrybuzz/assets/images/bg/bg17.jpg]
[wpthemebooster.com/demo/themeforest/html/hungrybuzz/assets/images/bg/bg18.jpg]
[wpthemebooster.com/demo/themeforest/html/hungrybuzz/assets/images/bg/bg19.jpg]
[wpthemebooster.com/demo/themeforest/html/hungrybuzz/assets/images/bg/bg20.jpg]
[wpthemebooster.com/demo/themeforest/html/hungrybuzz/assets/images/bg/bg21.jpg]
[wpthemebooster.com/demo/themeforest/html/hungrybuzz/assets/images/bg/bg22.jpg]
[wpthemebooster.com/demo/themeforest/html/hungrybuzz/assets/images/bg/header_bg.jpg]
[wpthemebooster.com/demo/themeforest/html/hungrybuzz/assets/images/layer4.png]
[wpthemebooster.com/demo/themeforest/html/hungrybuzz/assets/images/bg/form_bg_dark.jpg]
[wpthemebooster.com/demo/themeforest/html/hungrybuzz/assets/images/bg/form_bg_light.jpg]
[wpthemebooster.com/demo/themeforest/html/hungrybuzz/assets/images/about/layer2.png]
[wpthemebooster.com/demo/themeforest/html/hungrybuzz/assets/images/border_bg.png]
[wpthemebooster.com/demo/themeforest/html/hungrybuzz/assets/images/layer1.png]
[wpthemebooster.com/demo/themeforest/html/hungrybuzz/assets/css/style.css]
[wpthemebooster.com/demo/themeforest/html/hungrybuzz/assets/images/slider/4.jpg]
[wpthemebooster.com/demo/themeforest/html/hungrybuzz/assets/images/slider/5.jpg]
[wpthemebooster.com/demo/themeforest/html/hungrybuzz/assets/images/slider/6.jpg]
[wpthemebooster.com/demo/themeforest/html/hungrybuzz/dark/index2.html]
[wpthemebooster.com/demo/themeforest/html/hungrybuzz/assets/images/about/1.jpg]
[wpthemebooster.com/demo/themeforest/html/hungrybuzz/assets/images/about/2.jpg]
[wpthemebooster.com/demo/themeforest/html/hungrybuzz/assets/images/about/3.jpg]
[wpthemebooster.com/demo/themeforest/html/hungrybuzz/assets/images/about/4.jpg]
[wpthemebooster.com/demo/themeforest/html/hungrybuzz/assets/images/about/5.jpg]
[wpthemebooster.com/demo/themeforest/html/hungrybuzz/dark/about.html]
[wpthemebooster.com/demo/themeforest/html/hungrybuzz/dark/menu1.html]
[wpthemebooster.com/demo/themeforest/html/hungrybuzz/assets/images/menu/1.jpg]
[wpthemebooster.com/demo/themeforest/html/hungrybuzz/assets/images/menu/2.jpg]
[wpthemebooster.com/demo/themeforest/html/hungrybuzz/assets/images/menu/3.jpg]
[wpthemebooster.com/demo/themeforest/html/hungrybuzz/assets/images/menu/4.jpg]
[wpthemebooster.com/demo/themeforest/html/hungrybuzz/assets/images/menu/5.jpg]
[wpthemebooster.com/demo/themeforest/html/hungrybuzz/assets/images/menu/6.jpg]
[wpthemebooster.com/demo/themeforest/html/hungrybuzz/assets/images/menu/7.jpg]
[wpthemebooster.com/demo/themeforest/html/hungrybuzz/assets/images/menu/8.jpg]
[wpthemebooster.com/demo/themeforest/html/hungrybuzz/assets/images/menu/9.jpg]
[wpthemebooster.com/demo/themeforest/html/hungrybuzz/assets/images/menu/10.jpg]
[wpthemebooster.com/demo/themeforest/html/hungrybuzz/assets/images/menu/11.jpg]
[wpthemebooster.com/demo/themeforest/html/hungrybuzz/assets/images/menu/12.jpg]
[wpthemebooster.com/demo/themeforest/html/hungrybuzz/assets/images/menu/13.jpg]
[wpthemebooster.com/demo/themeforest/html/hungrybuzz/assets/images/menu/14.jpg]
[wpthemebooster.com/demo/themeforest/html/hungrybuzz/assets/images/menu/15.jpg]
[wpthemebooster.com/demo/themeforest/html/hungrybuzz/assets/images/menu/16.jpg]
[wpthemebooster.com/demo/themeforest/html/hungrybuzz/assets/images/menu/17.jpg]
[wpthemebooster.com/demo/themeforest/html/hungrybuzz/assets/images/menu/18.jpg]
[wpthemebooster.com/demo/themeforest/html/hungrybuzz/assets/images/menu/19.jpg]
[wpthemebooster.com/demo/themeforest/html/hungrybuzz/assets/images/menu/20.jpg]
[wpthemebooster.com/demo/themeforest/html/hungrybuzz/assets/images/menu/21.jpg]
[wpthemebooster.com/demo/themeforest/html/hungrybuzz/assets/images/menu/22.jpg]
[wpthemebooster.com/demo/themeforest/html/hungrybuzz/assets/images/menu/23.jpg]
[wpthemebooster.com/demo/themeforest/html/hungrybuzz/assets/images/menu/24.jpg]
[wpthemebooster.com/demo/themeforest/html/hungrybuzz/dark/menu2.html]
[wpthemebooster.com/demo/themeforest/html/hungrybuzz/dark/menu3.html]
[wpthemebooster.com/demo/themeforest/html/hungrybuzz/assets/images/team/1.jpg]
[wpthemebooster.com/demo/themeforest/html/hungrybuzz/assets/images/team/2.jpg]
[wpthemebooster.com/demo/themeforest/html/hungrybuzz/assets/images/team/3.jpg]
[wpthemebooster.com/demo/themeforest/html/hungrybuzz/assets/images/team/4.jpg]
[wpthemebooster.com/demo/themeforest/html/hungrybuzz/assets/images/team/5.jpg]
[wpthemebooster.com/demo/themeforest/html/hungrybuzz/assets/images/team/6.jpg]
[wpthemebooster.com/demo/themeforest/html/hungrybuzz/assets/images/team/7.jpg]
[wpthemebooster.com/demo/themeforest/html/hungrybuzz/assets/images/team/8.jpg]
[wpthemebooster.com/demo/themeforest/html/hungrybuzz/dark/team.html]
[wpthemebooster.com/demo/themeforest/html/hungrybuzz/assets/images/portfolio/7.jpg]
[wpthemebooster.com/demo/themeforest/html/hungrybuzz/assets/images/portfolio/6.jpg]
[wpthemebooster.com/demo/themeforest/html/hungrybuzz/assets/images/portfolio/8.jpg]
[wpthemebooster.com/demo/themeforest/html/hungrybuzz/assets/images/portfolio/10.jpg]
[wpthemebooster.com/demo/themeforest/html/hungrybuzz/assets/images/portfolio/9.jpg]
[wpthemebooster.com/demo/themeforest/html/hungrybuzz/dark/gallery.html]
[wpthemebooster.com/demo/themeforest/html/hungrybuzz/assets/images/products/1.jpg]
[wpthemebooster.com/demo/themeforest/html/hungrybuzz/assets/images/products/2.jpg]
[wpthemebooster.com/demo/themeforest/html/hungrybuzz/assets/images/products/3.jpg]
[wpthemebooster.com/demo/themeforest/html/hungrybuzz/assets/images/products/4.jpg]
[wpthemebooster.com/demo/themeforest/html/hungrybuzz/assets/images/products/5.jpg]
[wpthemebooster.com/demo/themeforest/html/hungrybuzz/assets/images/products/6.jpg]
[wpthemebooster.com/demo/themeforest/html/hungrybuzz/assets/images/products/7.jpg]
[wpthemebooster.com/demo/themeforest/html/hungrybuzz/assets/images/products/8.jpg]
[wpthemebooster.com/demo/themeforest/html/hungrybuzz/assets/images/products/9.jpg]
[wpthemebooster.com/demo/themeforest/html/hungrybuzz/dark/shop-3col.html]
[wpthemebooster.com/demo/themeforest/html/hungrybuzz/assets/images/products/10.jpg]
[wpthemebooster.com/demo/themeforest/html/hungrybuzz/assets/images/products/11.jpg]
[wpthemebooster.com/demo/themeforest/html/hungrybuzz/assets/images/products/12.jpg]
[wpthemebooster.com/demo/themeforest/html/hungrybuzz/assets/images/products/13.jpg]
[wpthemebooster.com/demo/themeforest/html/hungrybuzz/assets/images/products/14.jpg]
[wpthemebooster.com/demo/themeforest/html/hungrybuzz/assets/images/products/15.jpg]
[wpthemebooster.com/demo/themeforest/html/hungrybuzz/assets/images/products/16.jpg]
[wpthemebooster.com/demo/themeforest/html/hungrybuzz/assets/images/products/17.jpg]
[wpthemebooster.com/demo/themeforest/html/hungrybuzz/assets/images/products/18.jpg]
[wpthemebooster.com/demo/themeforest/html/hungrybuzz/assets/images/products/19.jpg]
[wpthemebooster.com/demo/themeforest/html/hungrybuzz/assets/images/products/20.jpg]
[wpthemebooster.com/demo/themeforest/html/hungrybuzz/assets/images/products/21.jpg]
[wpthemebooster.com/demo/themeforest/html/hungrybuzz/dark/shop-4col.html]
[wpthemebooster.com/demo/themeforest/html/hungrybuzz/assets/images/single/1.jpg]
[wpthemebooster.com/demo/themeforest/html/hungrybuzz/assets/images/blog/commenter1.png]
[wpthemebooster.com/demo/themeforest/html/hungrybuzz/assets/images/blog/commenter2.png]
[wpthemebooster.com/demo/themeforest/html/hungrybuzz/assets/plugins/jquery.zoom.js]
[wpthemebooster.com/demo/themeforest/html/hungrybuzz/dark/single-product.html]
[wpthemebooster.com/demo/themeforest/html/hungrybuzz/assets/images/cart/1.jpg]
[wpthemebooster.com/demo/themeforest/html/hungrybuzz/assets/images/cart/2.jpg]
[wpthemebooster.com/demo/themeforest/html/hungrybuzz/assets/images/cart/3.jpg]
[wpthemebooster.com/demo/themeforest/html/hungrybuzz/assets/images/cart/4.jpg]
[wpthemebooster.com/demo/themeforest/html/hungrybuzz/assets/images/cart/5.jpg]
[wpthemebooster.com/demo/themeforest/html/hungrybuzz/assets/images/cart/6.jpg]
[wpthemebooster.com/demo/themeforest/html/hungrybuzz/dark/cart.html]
[wpthemebooster.com/demo/themeforest/html/hungrybuzz/dark/checkout.html]
[wpthemebooster.com/demo/themeforest/html/hungrybuzz/assets/images/blog/lg1.jpg]
[wpthemebooster.com/demo/themeforest/html/hungrybuzz/assets/images/blog/lg2.jpg]
[wpthemebooster.com/demo/themeforest/html/hungrybuzz/assets/images/blog/lg3.jpg]
[wpthemebooster.com/demo/themeforest/html/hungrybuzz/assets/images/blog/lg4.jpg]
[wpthemebooster.com/demo/themeforest/html/hungrybuzz/dark/blog-standard.html]
[wpthemebooster.com/demo/themeforest/html/hungrybuzz/assets/images/blog/md1.jpg]
[wpthemebooster.com/demo/themeforest/html/hungrybuzz/assets/images/blog/md2.jpg]
[wpthemebooster.com/demo/themeforest/html/hungrybuzz/assets/images/blog/md3.jpg]
[wpthemebooster.com/demo/themeforest/html/hungrybuzz/assets/images/blog/md4.jpg]
[wpthemebooster.com/demo/themeforest/html/hungrybuzz/assets/images/blog/md5.jpg]
[wpthemebooster.com/demo/themeforest/html/hungrybuzz/assets/images/blog/md6.jpg]
[wpthemebooster.com/demo/themeforest/html/hungrybuzz/dark/blog-classic.html]
[wpthemebooster.com/demo/themeforest/html/hungrybuzz/assets/images/blog/5.jpg]
[wpthemebooster.com/demo/themeforest/html/hungrybuzz/assets/images/blog/6.jpg]
[wpthemebooster.com/demo/themeforest/html/hungrybuzz/assets/images/blog/7.jpg]
[wpthemebooster.com/demo/themeforest/html/hungrybuzz/assets/images/blog/8.jpg]
[wpthemebooster.com/demo/themeforest/html/hungrybuzz/dark/blog-grid.html]
[wpthemebooster.com/demo/themeforest/html/hungrybuzz/assets/images/blog/details.png]
[wpthemebooster.com/demo/themeforest/html/hungrybuzz/assets/images/blog/video_bg.jpg]
[wpthemebooster.com/demo/themeforest/html/hungrybuzz/assets/images/author_sm.png]
[wpthemebooster.com/demo/themeforest/html/hungrybuzz/assets/images/blog/xs1.jpg]
[wpthemebooster.com/demo/themeforest/html/hungrybuzz/assets/images/blog/xs2.jpg]
[wpthemebooster.com/demo/themeforest/html/hungrybuzz/assets/images/blog/xs3.jpg]
[wpthemebooster.com/demo/themeforest/html/hungrybuzz/assets/images/blog/commenter3.png]
[wpthemebooster.com/demo/themeforest/html/hungrybuzz/dark/blog-details.html]
[wpthemebooster.com/demo/themeforest/html/hungrybuzz/dark/blog-details-with-sidebar.html]
[wpthemebooster.com/demo/themeforest/html/hungrybuzz/dark/contact1.html]
[wpthemebooster.com/demo/themeforest/html/hungrybuzz/dark/contact2.html]
[wpthemebooster.com/demo/themeforest/html/hungrybuzz/assets/css/fonts/ionicons/css/ionicons.css]
[wpthemebooster.com/demo/themeforest/html/hungrybuzz/assets/css/fonts/et-line-font/fonts/et-line.eot]
[wpthemebooster.com/demo/themeforest/html/hungrybuzz/assets/css/fonts/et-line-font/fonts/et-lined41d.eot]
[wpthemebooster.com/demo/themeforest/html/hungrybuzz/assets/css/fonts/et-line-font/fonts/et-line.woff]
[wpthemebooster.com/demo/themeforest/html/hungrybuzz/assets/css/fonts/et-line-font/fonts/et-line.ttf]
[wpthemebooster.com/demo/themeforest/html/hungrybuzz/assets/css/fonts/et-line-font/style.css]
[wpthemebooster.com/demo/themeforest/html/hungrybuzz/assets/css/bootstrap.min.css]
[wpthemebooster.com/demo/themeforest/html/hungrybuzz/assets/plugins/menu/ma5-menu.css]
[wpthemebooster.com/demo/themeforest/html/hungrybuzz/assets/plugins/fancybox/jquery.fancybox.css]
[wpthemebooster.com/demo/themeforest/html/hungrybuzz/assets/plugins/slick/slick.css]
[wpthemebooster.com/demo/themeforest/html/hungrybuzz/assets/plugins/slick/ajax-loader.gif]
[wpthemebooster.com/demo/themeforest/html/hungrybuzz/assets/plugins/slick/fonts/slick.eot]
[wpthemebooster.com/demo/themeforest/html/hungrybuzz/assets/plugins/slick/fonts/slickd41d.eot]
[wpthemebooster.com/demo/themeforest/html/hungrybuzz/assets/plugins/slick/fonts/slick.woff]
[wpthemebooster.com/demo/themeforest/html/hungrybuzz/assets/plugins/slick/fonts/slick.ttf]
[wpthemebooster.com/demo/themeforest/html/hungrybuzz/assets/plugins/slick/slick-theme.css]
[wpthemebooster.com/demo/themeforest/html/hungrybuzz/assets/plugins/select2/select2.css]
[wpthemebooster.com/demo/themeforest/html/hungrybuzz/assets/plugins/aos/aos.css]
[wpthemebooster.com/demo/themeforest/html/hungrybuzz/assets/plugins/jarallax/jarallax.css]
[wpthemebooster.com/demo/themeforest/html/hungrybuzz/assets/images/bg/bg_dark.html]
[wpthemebooster.com/demo/themeforest/html/hungrybuzz/assets/css/fonts/Antonio Fischerd41d.html]
[wpthemebooster.com/demo/themeforest/html/hungrybuzz/assets/css/fonts/Antonio Fischer.html]
[wpthemebooster.com/demo/themeforest/html/hungrybuzz/assets/css/fonts/Antonio Fischer-2.html]
[wpthemebooster.com/demo/themeforest/html/hungrybuzz/assets/css/fonts/Tuesday Nightd41d.html]
[wpthemebooster.com/demo/themeforest/html/hungrybuzz/assets/css/fonts/Tuesday Night.html]
[wpthemebooster.com/demo/themeforest/html/hungrybuzz/assets/images/line.html]
[wpthemebooster.com/demo/themeforest/html/hungrybuzz/assets/css/fonts/et-line-font/fonts/et-line.svg]
[wpthemebooster.com/demo/themeforest/html/hungrybuzz/assets/plugins/slick/fonts/slick.svg]
